[0.013s] Invoking command in '/home/truncatedrhino/dev_ws/src/droid/build/droid': CMAKE_PREFIX_PATH=${CMAKE_PREFIX_PATH}:/opt/ros/humble /usr/bin/cmake /home/truncatedrhino/dev_ws/src/droid -DAMENT_CMAKE_SYMLINK_INSTALL=1 -DCMAKE_INSTALL_PREFIX=/home/truncatedrhino/dev_ws/src/droid/install/droid
[0.195s] -- The C compiler identification is GNU 11.3.0
[0.308s] -- The CXX compiler identification is GNU 11.3.0
[0.320s] -- Detecting C compiler ABI info
[0.393s] -- Detecting C compiler ABI info - done
[0.399s] -- Check for working C compiler: /usr/bin/cc - skipped
[0.399s] -- Detecting C compile features
[0.400s] -- Detecting C compile features - done
[0.403s] -- Detecting CXX compiler ABI info
[0.466s] -- Detecting CXX compiler ABI info - done
[0.471s] -- Check for working CXX compiler: /usr/bin/c++ - skipped
[0.472s] -- Detecting CXX compile features
[0.472s] -- Detecting CXX compile features - done
[0.485s] -- Found ament_cmake: 1.3.3 (/opt/ros/humble/share/ament_cmake/cmake)
[0.628s] -- Found Python3: /usr/bin/python3.10 (found version "3.10.6") found components: Interpreter 
[0.684s] -- Override CMake install command with custom implementation using symlinks instead of copying resources
[0.708s] -- Found ament_lint_auto: 0.12.5 (/opt/ros/humble/share/ament_lint_auto/cmake)
[0.772s] -- Added test 'copyright' to check source files copyright and LICENSE
[0.782s] -- Added test 'cppcheck' to perform static code analysis on C / C++ code
[0.782s] -- Configured cppcheck include dirs: 
[0.782s] -- Configured cppcheck exclude dirs and/or files: 
[0.789s] -- Added test 'cpplint' to check C / C++ code against the Google style
[0.789s] -- Configured cpplint exclude dirs and/or files: 
[0.790s] -- Added test 'flake8' to check Python code syntax and style conventions
[0.792s] -- Added test 'lint_cmake' to check CMake code style
[0.793s] -- Added test 'pep257' to check Python code against some of the docstring style conventions in PEP 257
[0.800s] -- Added test 'uncrustify' to check C / C++ code style
[0.800s] -- Configured uncrustify additional arguments: 
[0.802s] -- Added test 'xmllint' to check XML markup files
[0.804s] -- Configuring done
[0.806s] -- Generating done
[0.806s] -- Build files have been written to: /home/truncatedrhino/dev_ws/src/droid/build/droid
[0.811s] Invoked command in '/home/truncatedrhino/dev_ws/src/droid/build/droid' returned '0': CMAKE_PREFIX_PATH=${CMAKE_PREFIX_PATH}:/opt/ros/humble /usr/bin/cmake /home/truncatedrhino/dev_ws/src/droid -DAMENT_CMAKE_SYMLINK_INSTALL=1 -DCMAKE_INSTALL_PREFIX=/home/truncatedrhino/dev_ws/src/droid/install/droid
[0.811s] Invoking command in '/home/truncatedrhino/dev_ws/src/droid/build/droid': CMAKE_PREFIX_PATH=${CMAKE_PREFIX_PATH}:/opt/ros/humble /usr/bin/cmake --build /home/truncatedrhino/dev_ws/src/droid/build/droid -- -j4 -l4
[0.846s] Invoked command in '/home/truncatedrhino/dev_ws/src/droid/build/droid' returned '0': CMAKE_PREFIX_PATH=${CMAKE_PREFIX_PATH}:/opt/ros/humble /usr/bin/cmake --build /home/truncatedrhino/dev_ws/src/droid/build/droid -- -j4 -l4
[0.871s] Invoking command in '/home/truncatedrhino/dev_ws/src/droid/build/droid': CMAKE_PREFIX_PATH=${CMAKE_PREFIX_PATH}:/opt/ros/humble /usr/bin/cmake --install /home/truncatedrhino/dev_ws/src/droid/build/droid
[0.877s] -- Install configuration: ""
[0.877s] -- Execute custom install script
[0.877s] -- Symlinking: /home/truncatedrhino/dev_ws/src/droid/install/droid/share/droid/config/empty.yaml
[0.884s] -- Symlinking: /home/truncatedrhino/dev_ws/src/droid/install/droid/share/droid/config/view_droid.rviz
[0.891s] -- Symlinking: /home/truncatedrhino/dev_ws/src/droid/install/droid/share/droid/description/meshes/.DS_Store
[0.897s] -- Symlinking: /home/truncatedrhino/dev_ws/src/droid/install/droid/share/droid/description/meshes/chassis.STL
[0.904s] -- Symlinking: /home/truncatedrhino/dev_ws/src/droid/install/droid/share/droid/description/meshes/left_hip.STL
[0.911s] -- Symlinking: /home/truncatedrhino/dev_ws/src/droid/install/droid/share/droid/description/meshes/legs/calves.STL
[0.918s] -- Symlinking: /home/truncatedrhino/dev_ws/src/droid/install/droid/share/droid/description/meshes/legs/femur.STL
[0.925s] -- Symlinking: /home/truncatedrhino/dev_ws/src/droid/install/droid/share/droid/description/meshes/legs/foot.STL
[0.933s] -- Symlinking: /home/truncatedrhino/dev_ws/src/droid/install/droid/share/droid/description/meshes/legs/hamstrings.STL
[0.940s] -- Symlinking: /home/truncatedrhino/dev_ws/src/droid/install/droid/share/droid/description/meshes/legs/knee_tendon.STL
[0.947s] -- Symlinking: /home/truncatedrhino/dev_ws/src/droid/install/droid/share/droid/description/meshes/legs/left_quadricep_linkage.STL
[0.954s] -- Symlinking: /home/truncatedrhino/dev_ws/src/droid/install/droid/share/droid/description/meshes/legs/quadriceps.STL
[0.961s] -- Symlinking: /home/truncatedrhino/dev_ws/src/droid/install/droid/share/droid/description/meshes/legs/right_quadricep_linkage.STL
[0.968s] -- Symlinking: /home/truncatedrhino/dev_ws/src/droid/install/droid/share/droid/description/meshes/legs/tibia.STL
[0.975s] -- Symlinking: /home/truncatedrhino/dev_ws/src/droid/install/droid/share/droid/description/meshes/right_hip.STL
[0.982s] -- Symlinking: /home/truncatedrhino/dev_ws/src/droid/install/droid/share/droid/description/urdf/colors.xacro
[0.989s] -- Symlinking: /home/truncatedrhino/dev_ws/src/droid/install/droid/share/droid/description/urdf/left_leg.xacro
[0.996s] -- Symlinking: /home/truncatedrhino/dev_ws/src/droid/install/droid/share/droid/description/urdf/right_leg.xacro
[1.003s] -- Symlinking: /home/truncatedrhino/dev_ws/src/droid/install/droid/share/droid/description/urdf/robot.urdf.xacro
[1.010s] -- Symlinking: /home/truncatedrhino/dev_ws/src/droid/install/droid/share/droid/description/urdf/robot_core.xacro
[1.018s] -- Symlinking: /home/truncatedrhino/dev_ws/src/droid/install/droid/share/droid/description/urdf/robot_ext.urdf.xacro
[1.024s] -- Symlinking: /home/truncatedrhino/dev_ws/src/droid/install/droid/share/droid/description/urdf/robot_sim.urdf.xacro
[1.032s] -- Symlinking: /home/truncatedrhino/dev_ws/src/droid/install/droid/share/droid/launch/rsp.launch.py
[1.039s] -- Symlinking: /home/truncatedrhino/dev_ws/src/droid/install/droid/share/droid/worlds/empty.world
[1.046s] -- Symlinking: /home/truncatedrhino/dev_ws/src/droid/install/droid/share/ament_index/resource_index/package_run_dependencies/droid
[1.053s] -- Symlinking: /home/truncatedrhino/dev_ws/src/droid/install/droid/share/ament_index/resource_index/parent_prefix_path/droid
[1.060s] -- Symlinking: /home/truncatedrhino/dev_ws/src/droid/install/droid/share/droid/environment/ament_prefix_path.sh
[1.066s] -- Symlinking: /home/truncatedrhino/dev_ws/src/droid/install/droid/share/droid/environment/ament_prefix_path.dsv
[1.075s] -- Symlinking: /home/truncatedrhino/dev_ws/src/droid/install/droid/share/droid/environment/path.sh
[1.082s] -- Symlinking: /home/truncatedrhino/dev_ws/src/droid/install/droid/share/droid/environment/path.dsv
[1.088s] -- Symlinking: /home/truncatedrhino/dev_ws/src/droid/install/droid/share/droid/local_setup.bash
[1.095s] -- Symlinking: /home/truncatedrhino/dev_ws/src/droid/install/droid/share/droid/local_setup.sh
[1.101s] -- Symlinking: /home/truncatedrhino/dev_ws/src/droid/install/droid/share/droid/local_setup.zsh
[1.107s] -- Symlinking: /home/truncatedrhino/dev_ws/src/droid/install/droid/share/droid/local_setup.dsv
[1.115s] -- Symlinking: /home/truncatedrhino/dev_ws/src/droid/install/droid/share/droid/package.dsv
[1.122s] -- Symlinking: /home/truncatedrhino/dev_ws/src/droid/install/droid/share/ament_index/resource_index/packages/droid
[1.129s] -- Symlinking: /home/truncatedrhino/dev_ws/src/droid/install/droid/share/droid/cmake/droidConfig.cmake
[1.136s] -- Symlinking: /home/truncatedrhino/dev_ws/src/droid/install/droid/share/droid/cmake/droidConfig-version.cmake
[1.143s] -- Symlinking: /home/truncatedrhino/dev_ws/src/droid/install/droid/share/droid/package.xml
[1.152s] Invoked command in '/home/truncatedrhino/dev_ws/src/droid/build/droid' returned '0': CMAKE_PREFIX_PATH=${CMAKE_PREFIX_PATH}:/opt/ros/humble /usr/bin/cmake --install /home/truncatedrhino/dev_ws/src/droid/build/droid
