[0.417s] DEBUG:colcon:Command line arguments: ['/home/truncatedrhino/.local/bin/colcon', 'build', '--symlink-install']
[0.417s] DEBUG:colcon:Parsed command line arguments: Namespace(log_base=None, log_level=None, verb_name='build', build_base='build', install_base='install', merge_install=False, symlink_install=True, test_result_base=None, continue_on_error=False, executor='parallel', parallel_workers=4, event_handlers=None, ignore_user_meta=False, metas=['./colcon.meta'], base_paths=['.'], packages_ignore=None, packages_ignore_regex=None, paths=None, packages_up_to=None, packages_up_to_regex=None, packages_above=None, packages_above_and_dependencies=None, packages_above_depth=None, packages_select_by_dep=None, packages_skip_by_dep=None, packages_skip_up_to=None, packages_select_build_failed=False, packages_skip_build_finished=False, packages_select_test_failures=False, packages_skip_test_passed=False, packages_select=None, packages_skip=None, packages_select_regex=None, packages_skip_regex=None, packages_start=None, packages_end=None, allow_overriding=[], cmake_args=None, cmake_target=None, cmake_target_skip_unavailable=False, cmake_clean_cache=False, cmake_clean_first=False, cmake_force_configure=False, ament_cmake_args=None, catkin_cmake_args=None, catkin_skip_building_tests=False, verb_parser=<colcon_defaults.argument_parser.defaults.DefaultArgumentsDecorator object at 0xffffb895d150>, verb_extension=<colcon_core.verb.build.BuildVerb object at 0xffffb8b49ab0>, main=<bound method BuildVerb.main of <colcon_core.verb.build.BuildVerb object at 0xffffb8b49ab0>>)
[0.440s] Level 1:colcon.colcon_core.package_discovery:discover_packages(colcon_meta) check parameters
[0.440s] Level 1:colcon.colcon_core.package_discovery:discover_packages(recursive) check parameters
[0.440s] Level 1:colcon.colcon_core.package_discovery:discover_packages(ignore) check parameters
[0.441s] Level 1:colcon.colcon_core.package_discovery:discover_packages(path) check parameters
[0.441s] Level 1:colcon.colcon_core.package_discovery:discover_packages(colcon_meta) discover
[0.441s] Level 1:colcon.colcon_core.package_discovery:discover_packages(recursive) discover
[0.441s] INFO:colcon.colcon_core.package_discovery:Crawling recursively for packages in '/home/truncatedrhino/dev_ws/src/droid'
[0.441s] Level 1:colcon.colcon_core.package_identification:_identify(.) by extensions ['ignore', 'ignore_ament_install']
[0.441s] Level 1:colcon.colcon_core.package_identification:_identify(.) by extension 'ignore'
[0.441s] Level 1:colcon.colcon_core.package_identification:_identify(.) by extension 'ignore_ament_install'
[0.441s] Level 1:colcon.colcon_core.package_identification:_identify(.) by extensions ['colcon_pkg']
[0.441s] Level 1:colcon.colcon_core.package_identification:_identify(.) by extension 'colcon_pkg'
[0.441s] Level 1:colcon.colcon_core.package_identification:_identify(.) by extensions ['colcon_meta']
[0.441s] Level 1:colcon.colcon_core.package_identification:_identify(.) by extension 'colcon_meta'
[0.441s] Level 1:colcon.colcon_core.package_identification:_identify(.) by extensions ['ros']
[0.441s] Level 1:colcon.colcon_core.package_identification:_identify(.) by extension 'ros'
[0.449s] DEBUG:colcon.colcon_core.package_identification:Package '.' with type 'ros.ament_cmake' and name 'droid'
[0.449s] Level 1:colcon.colcon_core.package_discovery:discover_packages(recursive) using defaults
[0.449s] Level 1:colcon.colcon_core.package_discovery:discover_packages(ignore) discover
[0.449s] Level 1:colcon.colcon_core.package_discovery:discover_packages(ignore) using defaults
[0.449s] Level 1:colcon.colcon_core.package_discovery:discover_packages(path) discover
[0.449s] Level 1:colcon.colcon_core.package_discovery:discover_packages(path) using defaults
[0.474s] Level 1:colcon.colcon_core.package_discovery:discover_packages(prefix_path) check parameters
[0.474s] Level 1:colcon.colcon_core.package_discovery:discover_packages(prefix_path) discover
[0.478s] DEBUG:colcon.colcon_installed_package_information.package_discovery:Found 1 installed packages in /home/truncatedrhino/dev_ws/install
[0.480s] DEBUG:colcon.colcon_installed_package_information.package_discovery:Found 273 installed packages in /opt/ros/humble
[0.481s] Level 1:colcon.colcon_core.package_discovery:discover_packages(prefix_path) using defaults
[0.520s] Level 5:colcon.colcon_core.verb:set package 'droid' build argument 'cmake_args' from command line to 'None'
[0.520s] Level 5:colcon.colcon_core.verb:set package 'droid' build argument 'cmake_target' from command line to 'None'
[0.520s] Level 5:colcon.colcon_core.verb:set package 'droid' build argument 'cmake_target_skip_unavailable' from command line to 'False'
[0.520s] Level 5:colcon.colcon_core.verb:set package 'droid' build argument 'cmake_clean_cache' from command line to 'False'
[0.520s] Level 5:colcon.colcon_core.verb:set package 'droid' build argument 'cmake_clean_first' from command line to 'False'
[0.520s] Level 5:colcon.colcon_core.verb:set package 'droid' build argument 'cmake_force_configure' from command line to 'False'
[0.520s] Level 5:colcon.colcon_core.verb:set package 'droid' build argument 'ament_cmake_args' from command line to 'None'
[0.520s] Level 5:colcon.colcon_core.verb:set package 'droid' build argument 'catkin_cmake_args' from command line to 'None'
[0.520s] Level 5:colcon.colcon_core.verb:set package 'droid' build argument 'catkin_skip_building_tests' from command line to 'False'
[0.520s] DEBUG:colcon.colcon_core.verb:Building package 'droid' with the following arguments: {'ament_cmake_args': None, 'build_base': '/home/truncatedrhino/dev_ws/src/droid/build/droid', 'catkin_cmake_args': None, 'catkin_skip_building_tests': False, 'cmake_args': None, 'cmake_clean_cache': False, 'cmake_clean_first': False, 'cmake_force_configure': False, 'cmake_target': None, 'cmake_target_skip_unavailable': False, 'install_base': '/home/truncatedrhino/dev_ws/src/droid/install/droid', 'merge_install': False, 'path': '/home/truncatedrhino/dev_ws/src/droid', 'symlink_install': True, 'test_result_base': None}
[0.520s] INFO:colcon.colcon_core.executor:Executing jobs using 'parallel' executor
[0.525s] DEBUG:colcon.colcon_parallel_executor.executor.parallel:run_until_complete
[0.525s] INFO:colcon.colcon_ros.task.ament_cmake.build:Building ROS package in '/home/truncatedrhino/dev_ws/src/droid' with build type 'ament_cmake'
[0.525s] INFO:colcon.colcon_cmake.task.cmake.build:Building CMake package in '/home/truncatedrhino/dev_ws/src/droid'
[0.531s] INFO:colcon.colcon_core.plugin_system:Skipping extension 'colcon_core.shell.bat': Not used on non-Windows systems
[0.531s] INFO:colcon.colcon_core.shell:Skip shell extension 'powershell' for command environment: Not usable outside of PowerShell
[0.531s] DEBUG:colcon.colcon_core.shell:Skip shell extension 'dsv' for command environment
[0.540s] DEBUG:colcon.colcon_core.event_handler.log_command:Invoking command in '/home/truncatedrhino/dev_ws/src/droid/build/droid': CMAKE_PREFIX_PATH=${CMAKE_PREFIX_PATH}:/opt/ros/humble /usr/bin/cmake /home/truncatedrhino/dev_ws/src/droid -DAMENT_CMAKE_SYMLINK_INSTALL=1 -DCMAKE_INSTALL_PREFIX=/home/truncatedrhino/dev_ws/src/droid/install/droid
[1.338s] DEBUG:colcon.colcon_core.event_handler.log_command:Invoked command in '/home/truncatedrhino/dev_ws/src/droid/build/droid' returned '0': CMAKE_PREFIX_PATH=${CMAKE_PREFIX_PATH}:/opt/ros/humble /usr/bin/cmake /home/truncatedrhino/dev_ws/src/droid -DAMENT_CMAKE_SYMLINK_INSTALL=1 -DCMAKE_INSTALL_PREFIX=/home/truncatedrhino/dev_ws/src/droid/install/droid
[1.338s] DEBUG:colcon.colcon_core.event_handler.log_command:Invoking command in '/home/truncatedrhino/dev_ws/src/droid/build/droid': CMAKE_PREFIX_PATH=${CMAKE_PREFIX_PATH}:/opt/ros/humble /usr/bin/cmake --build /home/truncatedrhino/dev_ws/src/droid/build/droid -- -j4 -l4
[1.372s] DEBUG:colcon.colcon_core.event_handler.log_command:Invoked command in '/home/truncatedrhino/dev_ws/src/droid/build/droid' returned '0': CMAKE_PREFIX_PATH=${CMAKE_PREFIX_PATH}:/opt/ros/humble /usr/bin/cmake --build /home/truncatedrhino/dev_ws/src/droid/build/droid -- -j4 -l4
[1.398s] DEBUG:colcon.colcon_core.event_handler.log_command:Invoking command in '/home/truncatedrhino/dev_ws/src/droid/build/droid': CMAKE_PREFIX_PATH=${CMAKE_PREFIX_PATH}:/opt/ros/humble /usr/bin/cmake --install /home/truncatedrhino/dev_ws/src/droid/build/droid
[1.677s] Level 1:colcon.colcon_core.environment:create_environment_scripts_only(droid)
[1.678s] DEBUG:colcon.colcon_core.event_handler.log_command:Invoked command in '/home/truncatedrhino/dev_ws/src/droid/build/droid' returned '0': CMAKE_PREFIX_PATH=${CMAKE_PREFIX_PATH}:/opt/ros/humble /usr/bin/cmake --install /home/truncatedrhino/dev_ws/src/droid/build/droid
[1.683s] Level 1:colcon.colcon_core.environment:checking '/home/truncatedrhino/dev_ws/src/droid/install/droid' for CMake module files
[1.683s] Level 1:colcon.colcon_core.environment:checking '/home/truncatedrhino/dev_ws/src/droid/install/droid' for CMake config files
[1.683s] Level 1:colcon.colcon_core.shell:create_environment_hook('droid', 'cmake_prefix_path')
[1.685s] INFO:colcon.colcon_core.shell:Creating environment hook '/home/truncatedrhino/dev_ws/src/droid/install/droid/share/droid/hook/cmake_prefix_path.ps1'
[1.686s] INFO:colcon.colcon_core.shell:Creating environment descriptor '/home/truncatedrhino/dev_ws/src/droid/install/droid/share/droid/hook/cmake_prefix_path.dsv'
[1.686s] INFO:colcon.colcon_core.shell:Creating environment hook '/home/truncatedrhino/dev_ws/src/droid/install/droid/share/droid/hook/cmake_prefix_path.sh'
[1.687s] Level 1:colcon.colcon_core.environment:checking '/home/truncatedrhino/dev_ws/src/droid/install/droid/bin'
[1.687s] Level 1:colcon.colcon_core.environment:checking '/home/truncatedrhino/dev_ws/src/droid/install/droid/lib/pkgconfig/droid.pc'
[1.687s] Level 1:colcon.colcon_core.environment:checking '/home/truncatedrhino/dev_ws/src/droid/install/droid/lib/python3.10/site-packages'
[1.687s] Level 1:colcon.colcon_core.environment:checking '/home/truncatedrhino/dev_ws/src/droid/install/droid/bin'
[1.689s] INFO:colcon.colcon_core.shell:Creating package script '/home/truncatedrhino/dev_ws/src/droid/install/droid/share/droid/package.ps1'
[1.689s] INFO:colcon.colcon_core.shell:Creating package descriptor '/home/truncatedrhino/dev_ws/src/droid/install/droid/share/droid/package.dsv'
[1.690s] INFO:colcon.colcon_core.shell:Creating package script '/home/truncatedrhino/dev_ws/src/droid/install/droid/share/droid/package.sh'
[1.691s] INFO:colcon.colcon_core.shell:Creating package script '/home/truncatedrhino/dev_ws/src/droid/install/droid/share/droid/package.bash'
[1.691s] INFO:colcon.colcon_core.shell:Creating package script '/home/truncatedrhino/dev_ws/src/droid/install/droid/share/droid/package.zsh'
[1.691s] Level 1:colcon.colcon_core.environment:create_file_with_runtime_dependencies(/home/truncatedrhino/dev_ws/src/droid/install/droid/share/colcon-core/packages/droid)
[1.711s] Level 1:colcon.colcon_core.environment:create_environment_scripts_only(droid)
[1.713s] Level 1:colcon.colcon_core.environment:checking '/home/truncatedrhino/dev_ws/src/droid/install/droid' for CMake module files
[1.713s] Level 1:colcon.colcon_core.environment:checking '/home/truncatedrhino/dev_ws/src/droid/install/droid' for CMake config files
[1.714s] Level 1:colcon.colcon_core.shell:create_environment_hook('droid', 'cmake_prefix_path')
[1.715s] INFO:colcon.colcon_core.shell:Creating environment hook '/home/truncatedrhino/dev_ws/src/droid/install/droid/share/droid/hook/cmake_prefix_path.ps1'
[1.716s] INFO:colcon.colcon_core.shell:Creating environment descriptor '/home/truncatedrhino/dev_ws/src/droid/install/droid/share/droid/hook/cmake_prefix_path.dsv'
[1.716s] INFO:colcon.colcon_core.shell:Creating environment hook '/home/truncatedrhino/dev_ws/src/droid/install/droid/share/droid/hook/cmake_prefix_path.sh'
[1.716s] Level 1:colcon.colcon_core.environment:checking '/home/truncatedrhino/dev_ws/src/droid/install/droid/bin'
[1.716s] Level 1:colcon.colcon_core.environment:checking '/home/truncatedrhino/dev_ws/src/droid/install/droid/lib/pkgconfig/droid.pc'
[1.717s] Level 1:colcon.colcon_core.environment:checking '/home/truncatedrhino/dev_ws/src/droid/install/droid/lib/python3.10/site-packages'
[1.717s] Level 1:colcon.colcon_core.environment:checking '/home/truncatedrhino/dev_ws/src/droid/install/droid/bin'
[1.720s] INFO:colcon.colcon_core.shell:Creating package script '/home/truncatedrhino/dev_ws/src/droid/install/droid/share/droid/package.ps1'
[1.720s] INFO:colcon.colcon_core.shell:Creating package descriptor '/home/truncatedrhino/dev_ws/src/droid/install/droid/share/droid/package.dsv'
[1.720s] INFO:colcon.colcon_core.shell:Creating package script '/home/truncatedrhino/dev_ws/src/droid/install/droid/share/droid/package.sh'
[1.720s] INFO:colcon.colcon_core.shell:Creating package script '/home/truncatedrhino/dev_ws/src/droid/install/droid/share/droid/package.bash'
[1.721s] INFO:colcon.colcon_core.shell:Creating package script '/home/truncatedrhino/dev_ws/src/droid/install/droid/share/droid/package.zsh'
[1.721s] Level 1:colcon.colcon_core.environment:create_file_with_runtime_dependencies(/home/truncatedrhino/dev_ws/src/droid/install/droid/share/colcon-core/packages/droid)
[1.721s] DEBUG:colcon.colcon_parallel_executor.executor.parallel:closing loop
[1.721s] DEBUG:colcon.colcon_parallel_executor.executor.parallel:loop closed
[1.721s] DEBUG:colcon.colcon_parallel_executor.executor.parallel:run_until_complete finished with '0'
[1.721s] DEBUG:colcon.colcon_core.event_reactor:joining thread
[1.728s] INFO:colcon.colcon_core.plugin_system:Skipping extension 'colcon_notification.desktop_notification.terminal_notifier': Not used on non-Darwin systems
[1.728s] INFO:colcon.colcon_core.plugin_system:Skipping extension 'colcon_notification.desktop_notification.win32': Not used on non-Windows systems
[1.728s] INFO:colcon.colcon_notification.desktop_notification:Sending desktop notification using 'notify2'
[1.743s] DEBUG:colcon.colcon_core.event_reactor:joined thread
[1.746s] INFO:colcon.colcon_core.shell:Creating prefix script '/home/truncatedrhino/dev_ws/src/droid/install/local_setup.ps1'
[1.746s] INFO:colcon.colcon_core.shell:Creating prefix util module '/home/truncatedrhino/dev_ws/src/droid/install/_local_setup_util_ps1.py'
[1.747s] INFO:colcon.colcon_core.shell:Creating prefix chain script '/home/truncatedrhino/dev_ws/src/droid/install/setup.ps1'
[1.750s] INFO:colcon.colcon_core.shell:Creating prefix script '/home/truncatedrhino/dev_ws/src/droid/install/local_setup.sh'
[1.750s] INFO:colcon.colcon_core.shell:Creating prefix util module '/home/truncatedrhino/dev_ws/src/droid/install/_local_setup_util_sh.py'
[1.750s] INFO:colcon.colcon_core.shell:Creating prefix chain script '/home/truncatedrhino/dev_ws/src/droid/install/setup.sh'
[1.753s] INFO:colcon.colcon_core.shell:Creating prefix script '/home/truncatedrhino/dev_ws/src/droid/install/local_setup.bash'
[1.753s] INFO:colcon.colcon_core.shell:Creating prefix chain script '/home/truncatedrhino/dev_ws/src/droid/install/setup.bash'
[1.755s] INFO:colcon.colcon_core.shell:Creating prefix script '/home/truncatedrhino/dev_ws/src/droid/install/local_setup.zsh'
[1.756s] INFO:colcon.colcon_core.shell:Creating prefix chain script '/home/truncatedrhino/dev_ws/src/droid/install/setup.zsh'
